-------------------------------------------------------------------------------
Test set: org.pr2.dominio.DobleMasterTest
-------------------------------------------------------------------------------
Tests run: 6, Failures: 1, Errors: 0, Skipped: 0, Time elapsed: 0.119 s <<< FAILURE! - in org.pr2.dominio.DobleMasterTest
dobleMasterSecuenciacionCorrecta(org.pr2.dominio.DobleMasterTest)  Time elapsed: 0.042 s  <<< FAILURE!
java.lang.AssertionError
	at org.pr2.dominio.DobleMasterTest.dobleMasterSecuenciacionCorrecta(DobleMasterTest.java:95)

