<?xml version="1.0" encoding="UTF-8"?>
<testsuite xmlns:xsi="http://www.w3.org/2001/XMLSchema-instance" xsi:noNamespaceSchemaLocation="https://maven.apache.org/surefire/maven-surefire-plugin/xsd/surefire-test-report.xsd" name="org.pr2.dominio.DobleMasterTest" time="0.695" tests="5" errors="0" skipped="0" failures="0">
  <properties>
[...]
</properties>
  <testcase name="secuenciacionDobleMasterSinMappings" classname="org.pr2.dominio.DobleMasterTest" time="0.201"/>
  <testcase name="precisionDobleMasterSinMappings" classname="org.pr2.dominio.DobleMasterTest" time="0.001"/>
  <testcase name="coberturaCadaMasterEnElDobleMasterSinMappings" classname="org.pr2.dominio.DobleMasterTest" time="0.017"/>
  <testcase name="precisionDobleMasterConMappings" classname="org.pr2.dominio.DobleMasterTest" time="0.004"/>
  <testcase name="coberturaCadaMasterEnElDobleMasterConMappings" classname="org.pr2.dominio.DobleMasterTest" time="0.004"/>
</testsuite>